<html>
<head>
<title>TestNG:  LoginpageTest</title>
<link href="../testng.css" rel="stylesheet" type="text/css" />
<link href="../my-testng.css" rel="stylesheet" type="text/css" />

<style type="text/css">
.log { display: none;} 
.stack-trace { display: none;} 
</style>
<script type="text/javascript">
<!--
function flip(e) {
  current = e.style.display;
  if (current == 'block') {
    e.style.display = 'none';
    return 0;
  }
  else {
    e.style.display = 'block';
    return 1;
  }
}

function toggleBox(szDivId, elem, msg1, msg2)
{
  var res = -1;  if (document.getElementById) {
    res = flip(document.getElementById(szDivId));
  }
  else if (document.all) {
    // this is the way old msie versions work
    res = flip(document.all[szDivId]);
  }
  if(elem) {
    if(res == 0) elem.innerHTML = msg1; else elem.innerHTML = msg2;
  }

}

function toggleAllBoxes() {
  if (document.getElementsByTagName) {
    d = document.getElementsByTagName('div');
    for (i = 0; i < d.length; i++) {
      if (d[i].className == 'log') {
        flip(d[i]);
      }
    }
  }
}

// -->
</script>

</head>
<body>
<h2 align='center'>LoginpageTest</h2><table border='1' align="center">
<tr>
<td>Tests passed/Failed/Skipped:</td><td>4/0/0</td>
</tr><tr>
<td>Started on:</td><td>Sun Jul 13 22:25:07 IST 2025</td>
</tr>
<tr><td>Total time:</td><td>8 seconds (8702 ms)</td>
</tr><tr>
<td>Included groups:</td><td></td>
</tr><tr>
<td>Excluded groups:</td><td></td>
</tr>
</table><p/>
<small><i>(Hover the method name to see the test class name)</i></small><p/>
<table width='100%' border='1' class='invocation-failed'>
<tr><td colspan='4' align='center'><b>FAILED TESTS</b></td></tr>
<tr><td><b>Test method</b></td>
<td width="30%"><b>Exception</b></td>
<td width="10%"><b>Time (seconds)</b></td>
<td><b>Instance</b></td>
</tr>
<tr>
<td title='com.qa.opencart.Tests.AccountsPageTest.SearchCountTest()'><b>SearchCountTest</b><br>Test class: com.qa.opencart.Tests.AccountsPageTest<br>Parameters: mackbook, 3</td>
<td><div><pre>org.openqa.selenium.TimeoutException: Expected condition failed: waiting for visibility of all elements located by By.cssSelector: div.product-thumb (tried for 10 second(s) with 500 milliseconds interval)
Build info: version: &apos;4.12.1&apos;, revision: &apos;8e34639b11&apos;
System info: os.name: &apos;Windows 11&apos;, os.arch: &apos;amd64&apos;, os.version: &apos;10.0&apos;, java.version: &apos;18.0.1.1&apos;
Driver info: org.openqa.selenium.chrome.ChromeDriver
Capabilities {acceptInsecureCerts: false, browserName: chrome, browserVersion: 138.0.7204.101, chrome: {chromedriverVersion: 138.0.7204.94 (545025748884..., userDataDir: C:\Users\saipr\AppData\Loca...}, fedcm:accounts: true, goog:chromeOptions: {debuggerAddress: localhost:55219}, networkConnectionEnabled: false, pageLoadStrategy: normal, platformName: windows, proxy: Proxy(), se:cdp: ws://localhost:55219/devtoo..., se:cdpVersion: 138.0.7204.101, setWindowRect: true, strictFileInteractability: false, timeouts: {implicit: 0, pageLoad: 300000, script: 30000}, unhandledPromptBehavior: dismiss and notify, webauthn:extension:credBlob: true, webauthn:extension:largeBlob: true, webauthn:extension:minPinLength: true, webauthn:extension:prf: true, webauthn:virtualAuthenticators: true}
Session ID: 6f2dd86a84225292cd1e9e7a541a153b
	at org.openqa.selenium.support.ui.WebDriverWait.timeoutException(WebDriverWait.java:84)
	at org.openqa.selenium.support.ui.FluentWait.until(FluentWait.java:230)
	at com.qa.opencart.utils.ElementUtil.waitForElementsVisible(ElementUtil.java:373)
	at com.qa.opencart.Pages.ResultsPage.getSearchResultsCount(ResultsPage.java:30)
	at com.qa.opencart.Tests.AccountsPageTest.SearchCountTest(AccountsPageTest.java:43)
	at java.base/jdk.internal.reflect.DirectMethodHandleAccessor.invoke(DirectMethodHandleAccessor.java:104)
	at java.base/java.lang.reflect.Method.invoke(Method.java:577)
	at org.testng.internal.MethodInvocationHelper.invokeMethod(MethodInvocationHelper.java:133)
	at org.testng.internal.TestInvoker.invokeMethod(TestInvoker.java:584)
	at org.testng.internal.TestInvoker.invokeTestMethod(TestInvoker.java:172)
	at org.testng.internal.MethodRunner.runInSequence(MethodRunner.java:46)
	at org.testng.internal.TestInvoker$MethodInvocationAgent.invoke(TestInvoker.java:804)
	at org.testng.internal.TestInvoker.invokeTestMethods(TestInvoker.java:145)
	at org.testng.internal.TestMethodWorker.invokeTestMethods(TestMethodWorker.java:146)
	at org.testng.internal.TestMethodWorker.run(TestMethodWorker.java:128)
	at java.base/java.util.ArrayList.forEach(ArrayList.java:1511)
	at org.testng.TestRunner.privateRun(TestRunner.java:770)
	at org.testng.TestRunner.run(TestRunner.java:591)
	at org.testng.SuiteRunner.runTest(SuiteRunner.java:402)
	at org.testng.SuiteRunner.access$000(SuiteRunner.java:41)
	at org.testng.SuiteRunner$SuiteWorker.run(SuiteRunner.java:443)
	at org.testng.internal.thread.ThreadUtil.lambda$execute$0(ThreadUtil.java:67)
	at java.base/java.util.concurrent.FutureTask.run(FutureTask.java:264)
	at java.base/java.util.concurrent.ThreadPoolExecutor.runWorker(ThreadPoolExecutor.java:1136)
	at java.base/java.util.concurrent.ThreadPoolExecutor$Worker.run(ThreadPoolExecutor.java:635)
	at java.base/java.lang.Thread.run(Thread.java:833)
</pre></div><a href='#' onClick='toggleBox("stack-trace1412754898", this, "Click to show all stack frames", "Click to hide stack frames")'>Click to show all stack frames</a>
<div class='stack-trace' id='stack-trace1412754898'><pre>org.openqa.selenium.TimeoutException: Expected condition failed: waiting for visibility of all elements located by By.cssSelector: div.product-thumb (tried for 10 second(s) with 500 milliseconds interval)
Build info: version: &apos;4.12.1&apos;, revision: &apos;8e34639b11&apos;
System info: os.name: &apos;Windows 11&apos;, os.arch: &apos;amd64&apos;, os.version: &apos;10.0&apos;, java.version: &apos;18.0.1.1&apos;
Driver info: org.openqa.selenium.chrome.ChromeDriver
Capabilities {acceptInsecureCerts: false, browserName: chrome, browserVersion: 138.0.7204.101, chrome: {chromedriverVersion: 138.0.7204.94 (545025748884..., userDataDir: C:\Users\saipr\AppData\Loca...}, fedcm:accounts: true, goog:chromeOptions: {debuggerAddress: localhost:55219}, networkConnectionEnabled: false, pageLoadStrategy: normal, platformName: windows, proxy: Proxy(), se:cdp: ws://localhost:55219/devtoo..., se:cdpVersion: 138.0.7204.101, setWindowRect: true, strictFileInteractability: false, timeouts: {implicit: 0, pageLoad: 300000, script: 30000}, unhandledPromptBehavior: dismiss and notify, webauthn:extension:credBlob: true, webauthn:extension:largeBlob: true, webauthn:extension:minPinLength: true, webauthn:extension:prf: true, webauthn:virtualAuthenticators: true}
Session ID: 6f2dd86a84225292cd1e9e7a541a153b
	at org.openqa.selenium.support.ui.WebDriverWait.timeoutException(WebDriverWait.java:84)
	at org.openqa.selenium.support.ui.FluentWait.until(FluentWait.java:230)
	at com.qa.opencart.utils.ElementUtil.waitForElementsVisible(ElementUtil.java:373)
	at com.qa.opencart.Pages.ResultsPage.getSearchResultsCount(ResultsPage.java:30)
	at com.qa.opencart.Tests.AccountsPageTest.SearchCountTest(AccountsPageTest.java:43)
	at java.base/jdk.internal.reflect.DirectMethodHandleAccessor.invoke(DirectMethodHandleAccessor.java:104)
	at java.base/java.lang.reflect.Method.invoke(Method.java:577)
	at org.testng.internal.MethodInvocationHelper.invokeMethod(MethodInvocationHelper.java:133)
	at org.testng.internal.TestInvoker.invokeMethod(TestInvoker.java:584)
	at org.testng.internal.TestInvoker.invokeTestMethod(TestInvoker.java:172)
	at org.testng.internal.MethodRunner.runInSequence(MethodRunner.java:46)
	at org.testng.internal.TestInvoker$MethodInvocationAgent.invoke(TestInvoker.java:804)
	at org.testng.internal.TestInvoker.invokeTestMethods(TestInvoker.java:145)
	at org.testng.internal.TestMethodWorker.invokeTestMethods(TestMethodWorker.java:146)
	at org.testng.internal.TestMethodWorker.run(TestMethodWorker.java:128)
	at java.base/java.util.ArrayList.forEach(ArrayList.java:1511)
	at org.testng.TestRunner.privateRun(TestRunner.java:770)
	at org.testng.TestRunner.run(TestRunner.java:591)
	at org.testng.SuiteRunner.runTest(SuiteRunner.java:402)
	at org.testng.SuiteRunner.access$000(SuiteRunner.java:41)
	at org.testng.SuiteRunner$SuiteWorker.run(SuiteRunner.java:443)
	at org.testng.internal.thread.ThreadUtil.lambda$execute$0(ThreadUtil.java:67)
	at java.base/java.util.concurrent.FutureTask.run(FutureTask.java:264)
	at java.base/java.util.concurrent.ThreadPoolExecutor.runWorker(ThreadPoolExecutor.java:1136)
	at java.base/java.util.concurrent.ThreadPoolExecutor$Worker.run(ThreadPoolExecutor.java:635)
	at java.base/java.lang.Thread.run(Thread.java:833)
</pre></div></td>
<td>11</td>
<td>com.qa.opencart.Tests.AccountsPageTest@2145b572</td></tr>
</table><p>
<table width='100%' border='1' class='invocation-passed'>
<tr><td colspan='4' align='center'><b>PASSED TESTS</b></td></tr>
<tr><td><b>Test method</b></td>
<td width="30%"><b>Exception</b></td>
<td width="10%"><b>Time (seconds)</b></td>
<td><b>Instance</b></td>
</tr>
<tr>
<td title='com.qa.opencart.Tests.AccountsPageTest.SearchCountTest()'><b>SearchCountTest</b><br>Test class: com.qa.opencart.Tests.AccountsPageTest<br>Parameters: imac, 1</td>
<td></td>
<td>1</td>
<td>com.qa.opencart.Tests.AccountsPageTest@2145b572</td></tr>
<tr>
<td title='com.qa.opencart.Tests.AccountsPageTest.SearchCountTest()'><b>SearchCountTest</b><br>Test class: com.qa.opencart.Tests.AccountsPageTest<br>Parameters: samsung, 2</td>
<td></td>
<td>1</td>
<td>com.qa.opencart.Tests.AccountsPageTest@2145b572</td></tr>
<tr>
<td title='com.qa.opencart.Tests.AccountsPageTest.accPageHeadersTest()'><b>accPageHeadersTest</b><br>Test class: com.qa.opencart.Tests.AccountsPageTest</td>
<td></td>
<td>0</td>
<td>com.qa.opencart.Tests.AccountsPageTest@2145b572</td></tr>
<tr>
<td title='com.qa.opencart.Tests.AccountsPageTest.accPageTitleTest()'><b>accPageTitleTest</b><br>Test class: com.qa.opencart.Tests.AccountsPageTest</td>
<td></td>
<td>0</td>
<td>com.qa.opencart.Tests.AccountsPageTest@2145b572</td></tr>
<tr>
<td title='com.qa.opencart.Tests.LoginpageTest.doLoginTest()'><b>doLoginTest</b><br>Test class: com.qa.opencart.Tests.LoginpageTest</td>
<td></td>
<td>1</td>
<td>com.qa.opencart.Tests.LoginpageTest@61230f6a</td></tr>
<tr>
<td title='com.qa.opencart.Tests.LoginpageTest.forgotPwdLinkExistTest()'><b>forgotPwdLinkExistTest</b><br>Test class: com.qa.opencart.Tests.LoginpageTest</td>
<td></td>
<td>0</td>
<td>com.qa.opencart.Tests.LoginpageTest@61230f6a</td></tr>
<tr>
<td title='com.qa.opencart.Tests.AccountsPageTest.isLogoutLinkExistTest()'><b>isLogoutLinkExistTest</b><br>Test class: com.qa.opencart.Tests.AccountsPageTest</td>
<td></td>
<td>0</td>
<td>com.qa.opencart.Tests.AccountsPageTest@2145b572</td></tr>
<tr>
<td title='com.qa.opencart.Tests.LoginpageTest.loginPageTitleTest()'><b>loginPageTitleTest</b><br>Test class: com.qa.opencart.Tests.LoginpageTest</td>
<td></td>
<td>0</td>
<td>com.qa.opencart.Tests.LoginpageTest@61230f6a</td></tr>
<tr>
<td title='com.qa.opencart.Tests.LoginpageTest.loginPageURLTest()'><b>loginPageURLTest</b><br>Test class: com.qa.opencart.Tests.LoginpageTest</td>
<td></td>
<td>0</td>
<td>com.qa.opencart.Tests.LoginpageTest@61230f6a</td></tr>
<tr>
<td title='com.qa.opencart.Tests.AccountsPageTest.searchTest()'><b>searchTest</b><br>Test class: com.qa.opencart.Tests.AccountsPageTest<br>Parameters: macbook, MacBook Pro</td>
<td></td>
<td>1</td>
<td>com.qa.opencart.Tests.AccountsPageTest@2145b572</td></tr>
<tr>
<td title='com.qa.opencart.Tests.AccountsPageTest.searchTest()'><b>searchTest</b><br>Test class: com.qa.opencart.Tests.AccountsPageTest<br>Parameters: macbook, MacBook Air</td>
<td></td>
<td>1</td>
<td>com.qa.opencart.Tests.AccountsPageTest@2145b572</td></tr>
<tr>
<td title='com.qa.opencart.Tests.AccountsPageTest.searchTest()'><b>searchTest</b><br>Test class: com.qa.opencart.Tests.AccountsPageTest<br>Parameters: imac, iMac</td>
<td></td>
<td>1</td>
<td>com.qa.opencart.Tests.AccountsPageTest@2145b572</td></tr>
<tr>
<td title='com.qa.opencart.Tests.AccountsPageTest.searchTest()'><b>searchTest</b><br>Test class: com.qa.opencart.Tests.AccountsPageTest<br>Parameters: samsung, Samsung SyncMaster 941BW</td>
<td></td>
<td>1</td>
<td>com.qa.opencart.Tests.AccountsPageTest@2145b572</td></tr>
</table><p>
</body>
</html>